# Archive planning assets
manifests/archive/repo_sync_20260311.lst
manifests/archive/winner_core_20260311.lst
manifests/archive/research_tail_20260311.lst
docs/archive_manifest_2026-03-11.md
scripts/build_archive_from_manifest.sh

# Code and config updates
artifacts/
cleaning/
configs/
scripts/

# Core winner docs
docs/next_step_displine_winner_2026-03-10.md
docs/taskform_winner_stage_report_2026-03-10.md
docs/taskform_winner_retrieval_gate_pwf_2026-03-11.md

# Research docs
docs/taskform_winner_a1_continue_redesign_2026-03-10.md
docs/taskform_winner_pseudotarget_smoke_2026-03-11.md
docs/taskform_winner_replay_probe_2026-03-11.md

# Core A2 freeze chain
reports/taskform_winner_a2_retrieval_20260310
reports/taskform_winner_a2_retrieval_eval_20260310
reports/taskform_winner_a2_retrieval_top1_build_20260310
reports/taskform_winner_a2_retrieval_wlite_20260310
reports/taskform_winner_a2_retrieval_wlite_eval_20260310
reports/taskform_winner_a2_health_surgical_20260310
reports/taskform_winner_a2_promote_compare_20260310
reports/taskform_winner_a2_support_20260310
reports/taskform_winner_a2_freeze_20260310
reports/taskform_winner_bridge_20260311

# Research tail summaries kept in git for auditability
reports/taskform_winner_a1_20260310
reports/taskform_winner_a1_silver_build_20260310
reports/taskform_winner_a1_continue_build_20260310
reports/taskform_winner_a1_continue_probe_20260310
reports/taskform_winner_a1_continue_overnight_20260310
reports/taskform_winner_a1_pseudotarget_smoke_20260311
reports/taskform_tapt_fair_20260310
reports/taskform_winner_a2g_build_20260311
reports/taskform_winner_a2g_probe_20260311
reports/taskform_winner_a2_retrieval_raw_longtrain_20260311
reports/taskform_winner_replay_probe_20260311
reports/taskform_winner_replay_band_probe_20260311
reports/taskform_winner_combo_retrieval_replay25_build_20260311
reports/taskform_winner_combo_retrieval_replay25_probe_20260311
reports/taskform_winner_postprobe_fullval_20260311
reports/taskform_winner_replay25_candidate_longtrain_20260311
reports/taskform_winner_a3_revisit_20260311

# Small external asset needed by A1 research
data/external/oracc_parallel.csv
